2022-07-04 09:10:22,843 INFO com.samplerecipe.controller.RecipeController [http-nio-8082-exec-2] Message for INFO Logging level
2022-07-04 09:10:22,853 INFO com.samplerecipe.controller.RecipeController [http-nio-8082-exec-2] Message for WARN Logging level
2022-07-04 09:10:22,853 INFO com.samplerecipe.controller.RecipeController [http-nio-8082-exec-2] Message for ERROR Logging level
2022-07-04 09:10:22,853 INFO com.samplerecipe.controller.RecipeController [http-nio-8082-exec-2] Message for DEBUG Logging level
2022-07-04 09:10:22,853 INFO com.samplerecipe.controller.RecipeController [http-nio-8082-exec-2] Message for TRACE Logging level
2022-07-04 09:10:36,469 INFO com.samplerecipe.controller.RecipeController [http-nio-8082-exec-4] Message for INFO Logging level
2022-07-04 09:10:36,472 INFO com.samplerecipe.controller.RecipeController [http-nio-8082-exec-4] Message for WARN Logging level
2022-07-04 09:10:36,472 INFO com.samplerecipe.controller.RecipeController [http-nio-8082-exec-4] Message for ERROR Logging level
2022-07-04 09:10:36,472 INFO com.samplerecipe.controller.RecipeController [http-nio-8082-exec-4] Message for DEBUG Logging level
2022-07-04 09:10:36,472 INFO com.samplerecipe.controller.RecipeController [http-nio-8082-exec-4] Message for TRACE Logging level
2022-07-04 09:10:53,060 INFO com.samplerecipe.controller.RecipeController [http-nio-8082-exec-7] Message for INFO Logging level
2022-07-04 09:10:53,060 INFO com.samplerecipe.controller.RecipeController [http-nio-8082-exec-7] Message for WARN Logging level
2022-07-04 09:10:53,060 INFO com.samplerecipe.controller.RecipeController [http-nio-8082-exec-7] Message for ERROR Logging level
2022-07-04 09:10:53,061 INFO com.samplerecipe.controller.RecipeController [http-nio-8082-exec-7] Message for DEBUG Logging level
2022-07-04 09:10:53,061 INFO com.samplerecipe.controller.RecipeController [http-nio-8082-exec-7] Message for TRACE Logging level
2022-07-04 09:12:47,299 INFO com.samplerecipe.controller.RecipeController [http-nio-8082-exec-1] Message for INFO Logging level
2022-07-04 09:12:47,300 INFO com.samplerecipe.controller.RecipeController [http-nio-8082-exec-1] Message for WARN Logging level
2022-07-04 09:12:47,300 INFO com.samplerecipe.controller.RecipeController [http-nio-8082-exec-1] Message for ERROR Logging level
2022-07-04 09:12:47,300 INFO com.samplerecipe.controller.RecipeController [http-nio-8082-exec-1] Message for DEBUG Logging level
2022-07-04 09:12:47,300 INFO com.samplerecipe.controller.RecipeController [http-nio-8082-exec-1] Message for TRACE Logging level
2022-07-04 09:14:36,192 INFO com.samplerecipe.controller.RecipeController [http-nio-8082-exec-5] Message for INFO Logging level
2022-07-04 09:14:36,194 INFO com.samplerecipe.controller.RecipeController [http-nio-8082-exec-5] Message for WARN Logging level
2022-07-04 09:14:36,194 INFO com.samplerecipe.controller.RecipeController [http-nio-8082-exec-5] Message for ERROR Logging level
2022-07-04 09:14:36,194 INFO com.samplerecipe.controller.RecipeController [http-nio-8082-exec-5] Message for DEBUG Logging level
2022-07-04 09:14:36,195 INFO com.samplerecipe.controller.RecipeController [http-nio-8082-exec-5] Message for TRACE Logging level
