2022-07-12 17:04:57,982 INFO com.samplerecipe.controller.RecipeController [http-nio-8082-exec-2] Message for INFO Logging level
2022-07-12 17:04:57,999 INFO com.samplerecipe.controller.RecipeController [http-nio-8082-exec-2] Message for WARN Logging level
2022-07-12 17:04:58,000 INFO com.samplerecipe.controller.RecipeController [http-nio-8082-exec-2] Message for ERROR Logging level
2022-07-12 17:04:58,000 INFO com.samplerecipe.controller.RecipeController [http-nio-8082-exec-2] Message for DEBUG Logging level
2022-07-12 17:04:58,000 INFO com.samplerecipe.controller.RecipeController [http-nio-8082-exec-2] Message for TRACE Logging level
2022-07-12 17:04:58,308 WARN com.samplerecipe.controller.RecipeController [http-nio-8082-exec-2] i is not used in anywhere
2022-07-12 17:04:58,318 INFO com.samplerecipe.controller.RecipeController [http-nio-8082-exec-2] Fetch all Recipes from the database
2022-07-12 17:05:40,461 ERROR org.springframework.boot.diagnostics.LoggingFailureAnalysisReporter [main] 

***************************
APPLICATION FAILED TO START
***************************

Description:

Web server failed to start. Port 8082 was already in use.

Action:

Identify and stop the process that's listening on port 8082 or configure this application to listen on another port.

2022-07-12 17:05:44,981 INFO com.samplerecipe.controller.RecipeController [http-nio-8082-exec-1] Message for INFO Logging level
2022-07-12 17:05:44,982 INFO com.samplerecipe.controller.RecipeController [http-nio-8082-exec-1] Message for WARN Logging level
2022-07-12 17:05:44,982 INFO com.samplerecipe.controller.RecipeController [http-nio-8082-exec-1] Message for ERROR Logging level
2022-07-12 17:05:44,982 INFO com.samplerecipe.controller.RecipeController [http-nio-8082-exec-1] Message for DEBUG Logging level
2022-07-12 17:05:44,982 INFO com.samplerecipe.controller.RecipeController [http-nio-8082-exec-1] Message for TRACE Logging level
2022-07-12 17:05:44,988 WARN com.samplerecipe.controller.RecipeController [http-nio-8082-exec-1] i is not used in anywhere
2022-07-12 17:05:44,988 INFO com.samplerecipe.controller.RecipeController [http-nio-8082-exec-1] Fetch all Recipes from the database
2022-07-12 17:07:08,866 WARN com.samplerecipe.controller.RecipeController [http-nio-8082-exec-1] i is not used in anywhere
2022-07-12 17:07:08,868 INFO com.samplerecipe.controller.RecipeController [http-nio-8082-exec-1] Fetch all Recipes from the database
2022-07-12 17:09:49,779 WARN com.samplerecipe.controller.RecipeController [http-nio-8082-exec-1] i is not used in anywhere
2022-07-12 17:09:49,781 INFO com.samplerecipe.controller.RecipeController [http-nio-8082-exec-1] Fetch all Recipes from the database
2022-07-12 17:11:53,342 WARN com.samplerecipe.controller.RecipeController [http-nio-8082-exec-2] i is not used in anywhere
2022-07-12 17:11:53,344 INFO com.samplerecipe.controller.RecipeController [http-nio-8082-exec-2] Fetch all Recipes from the database
2022-07-12 17:12:05,849 ERROR org.springframework.boot.diagnostics.LoggingFailureAnalysisReporter [main] 

***************************
APPLICATION FAILED TO START
***************************

Description:

Web server failed to start. Port 8082 was already in use.

Action:

Identify and stop the process that's listening on port 8082 or configure this application to listen on another port.

2022-07-12 17:12:17,430 ERROR com.samplerecipe.controller.RecipeController [http-nio-8082-exec-3] recipe with the Id 88 is not in database
2022-07-12 17:12:56,337 ERROR com.samplerecipe.controller.RecipeController [http-nio-8082-exec-1] recipe with the Id 88 is not in database
2022-07-12 17:13:15,217 ERROR com.samplerecipe.controller.RecipeController [http-nio-8082-exec-3] recipe with the Id 88 is not in database
